<?xml version="1.0" encoding="UTF-8"?>
<testng-results ignored="1" total="2" passed="1" failed="0" skipped="0">
  <reporter-output>
  </reporter-output>
  <suite started-at="2022-01-01T10:07:05Z" name="Default suite" finished-at="2022-01-01T10:07:05Z" duration-ms="69">
    <groups>
      <group name="regressionsuite">
        <method signature="Dummytest.execute1()[pri:0, instance:project1dummy.Dummytest@75d2da2d]" name="execute1" class="project1dummy.Dummytest"/>
      </group> <!-- regressionsuite -->
    </groups>
    <test started-at="2022-01-01T10:07:05Z" name="Default test" finished-at="2022-01-01T10:07:05Z" duration-ms="69">
      <class name="project1dummy.Dummytest">
        <test-method signature="execute1()[pri:0, instance:project1dummy.Dummytest@75d2da2d]" started-at="2022-01-01T10:07:05Z" name="execute1" finished-at="2022-01-01T10:07:05Z" duration-ms="18" status="PASS">
          <reporter-output>
          </reporter-output>
        </test-method> <!-- execute1 -->
      </class> <!-- project1dummy.Dummytest -->
    </test> <!-- Default test -->
  </suite> <!-- Default suite -->
</testng-results>
