<?xml version="1.0" encoding="UTF-8"?>
<testng-results ignored="0" total="2" passed="2" failed="0" skipped="0">
  <reporter-output>
  </reporter-output>
  <suite started-at="2022-01-01T10:21:57Z" name="Default suite" finished-at="2022-01-01T10:21:57Z" duration-ms="76">
    <groups>
      <group name="smokesuuite">
        <method signature="Dummytest.run()[pri:0, instance:project1dummy.Dummytest@6ee4d9ab]" name="run" class="project1dummy.Dummytest"/>
      </group> <!-- smokesuuite -->
      <group name="regressionsuite">
        <method signature="Dummytest.execute1()[pri:0, instance:project1dummy.Dummytest@6ee4d9ab]" name="execute1" class="project1dummy.Dummytest"/>
      </group> <!-- regressionsuite -->
    </groups>
    <test started-at="2022-01-01T10:21:57Z" name="Default test" finished-at="2022-01-01T10:21:57Z" duration-ms="76">
      <class name="project1dummy.Dummytest">
        <test-method signature="execute1()[pri:0, instance:project1dummy.Dummytest@6ee4d9ab]" started-at="2022-01-01T10:21:57Z" name="execute1" finished-at="2022-01-01T10:21:57Z" duration-ms="18" status="PASS">
          <reporter-output>
          </reporter-output>
        </test-method> <!-- execute1 -->
        <test-method signature="run()[pri:0, instance:project1dummy.Dummytest@6ee4d9ab]" started-at="2022-01-01T10:21:57Z" name="run" finished-at="2022-01-01T10:21:57Z" duration-ms="2" status="PASS">
          <reporter-output>
          </reporter-output>
        </test-method> <!-- run -->
      </class> <!-- project1dummy.Dummytest -->
    </test> <!-- Default test -->
  </suite> <!-- Default suite -->
</testng-results>
